2026-05-02T11:56:10.984-04:00  INFO 2644 --- [seguridadcalidad] [main] c.d.s.InvoiceControllerTests             : Starting InvoiceControllerTests using Java 21.0.6 with PID 2644 (started by ignac in C:\Users\ignac\Desktop\DUOC\01 - RAMOS\012 - Seguridad y Calidad en el Desarrollo\s8\cdy2203-2026-201-main\cdy2203-2026-201-main)
2026-05-02T11:56:10.994-04:00  INFO 2644 --- [seguridadcalidad] [main] c.d.s.InvoiceControllerTests             : No active profile set, falling back to 1 default profile: "default"
2026-05-02T11:56:12.206-04:00  INFO 2644 --- [seguridadcalidad] [main] r$InitializeUserDetailsManagerConfigurer : Global AuthenticationManager configured with UserDetailsService bean with name users
2026-05-02T11:56:12.704-04:00  INFO 2644 --- [seguridadcalidad] [main] o.s.b.t.m.w.SpringBootMockServletContext : Initializing Spring TestDispatcherServlet ''
2026-05-02T11:56:12.704-04:00  INFO 2644 --- [seguridadcalidad] [main] o.s.t.web.servlet.TestDispatcherServlet  : Initializing Servlet ''
2026-05-02T11:56:12.706-04:00  INFO 2644 --- [seguridadcalidad] [main] o.s.t.web.servlet.TestDispatcherServlet  : Completed initialization in 2 ms
2026-05-02T11:56:12.734-04:00  INFO 2644 --- [seguridadcalidad] [main] c.d.s.InvoiceControllerTests             : Started InvoiceControllerTests in 2.282 seconds (process running for 6.563)
2026-05-02T11:56:13.021-04:00  INFO 2644 --- [seguridadcalidad] [main] t.c.s.AnnotationConfigContextLoaderUtils : Could not detect default configuration classes for test class [com.duoc.seguridadcalidad.SeguridadcalidadApplicationTests]: SeguridadcalidadApplicationTests does not declare any static, non-private, non-final, nested classes annotated with @Configuration.
2026-05-02T11:56:13.022-04:00  INFO 2644 --- [seguridadcalidad] [main] .b.t.c.SpringBootTestContextBootstrapper : Found @SpringBootConfiguration com.duoc.seguridadcalidad.SeguridadcalidadApplication for test class com.duoc.seguridadcalidad.SeguridadcalidadApplicationTests
2026-05-02T11:56:13.052-04:00  INFO 2644 --- [seguridadcalidad] [main] c.d.s.SeguridadcalidadApplicationTests   : Starting SeguridadcalidadApplicationTests using Java 21.0.6 with PID 2644 (started by ignac in C:\Users\ignac\Desktop\DUOC\01 - RAMOS\012 - Seguridad y Calidad en el Desarrollo\s8\cdy2203-2026-201-main\cdy2203-2026-201-main)
2026-05-02T11:56:13.052-04:00  INFO 2644 --- [seguridadcalidad] [main] c.d.s.SeguridadcalidadApplicationTests   : No active profile set, falling back to 1 default profile: "default"
2026-05-02T11:56:13.328-04:00  INFO 2644 --- [seguridadcalidad] [main] r$InitializeUserDetailsManagerConfigurer : Global AuthenticationManager configured with UserDetailsService bean with name users
2026-05-02T11:56:13.397-04:00  INFO 2644 --- [seguridadcalidad] [main] c.d.s.SeguridadcalidadApplicationTests   : Started SeguridadcalidadApplicationTests in 0.37 seconds (process running for 7.226)
2026-05-02T11:58:50.244-04:00  INFO 14056 --- [seguridadcalidad] [main] c.d.s.InvoiceControllerTests             : Starting InvoiceControllerTests using Java 21.0.6 with PID 14056 (started by ignac in C:\Users\ignac\Desktop\DUOC\01 - RAMOS\012 - Seguridad y Calidad en el Desarrollo\s8\cdy2203-2026-201-main\cdy2203-2026-201-main)
2026-05-02T11:58:50.247-04:00  INFO 14056 --- [seguridadcalidad] [main] c.d.s.InvoiceControllerTests             : No active profile set, falling back to 1 default profile: "default"
2026-05-02T11:58:51.477-04:00  INFO 14056 --- [seguridadcalidad] [main] r$InitializeUserDetailsManagerConfigurer : Global AuthenticationManager configured with UserDetailsService bean with name users
2026-05-02T11:58:52.010-04:00  INFO 14056 --- [seguridadcalidad] [main] o.s.b.t.m.w.SpringBootMockServletContext : Initializing Spring TestDispatcherServlet ''
2026-05-02T11:58:52.010-04:00  INFO 14056 --- [seguridadcalidad] [main] o.s.t.web.servlet.TestDispatcherServlet  : Initializing Servlet ''
2026-05-02T11:58:52.011-04:00  INFO 14056 --- [seguridadcalidad] [main] o.s.t.web.servlet.TestDispatcherServlet  : Completed initialization in 1 ms
2026-05-02T11:58:52.037-04:00  INFO 14056 --- [seguridadcalidad] [main] c.d.s.InvoiceControllerTests             : Started InvoiceControllerTests in 2.301 seconds (process running for 6.43)
2026-05-02T11:58:52.314-04:00  WARN 14056 --- [seguridadcalidad] [main] c.d.s.PatientRestController              : GET /api/patients missing authentication token
2026-05-02T11:58:52.316-04:00  WARN 14056 --- [seguridadcalidad] [main] c.d.s.PatientRestController              : POST /api/patients missing authentication token
2026-05-02T11:58:52.325-04:00  INFO 14056 --- [seguridadcalidad] [main] t.c.s.AnnotationConfigContextLoaderUtils : Could not detect default configuration classes for test class [com.duoc.seguridadcalidad.SeguridadcalidadApplicationTests]: SeguridadcalidadApplicationTests does not declare any static, non-private, non-final, nested classes annotated with @Configuration.
2026-05-02T11:58:52.326-04:00  INFO 14056 --- [seguridadcalidad] [main] .b.t.c.SpringBootTestContextBootstrapper : Found @SpringBootConfiguration com.duoc.seguridadcalidad.SeguridadcalidadApplication for test class com.duoc.seguridadcalidad.SeguridadcalidadApplicationTests
2026-05-02T11:58:52.357-04:00  INFO 14056 --- [seguridadcalidad] [main] c.d.s.SeguridadcalidadApplicationTests   : Starting SeguridadcalidadApplicationTests using Java 21.0.6 with PID 14056 (started by ignac in C:\Users\ignac\Desktop\DUOC\01 - RAMOS\012 - Seguridad y Calidad en el Desarrollo\s8\cdy2203-2026-201-main\cdy2203-2026-201-main)
2026-05-02T11:58:52.357-04:00  INFO 14056 --- [seguridadcalidad] [main] c.d.s.SeguridadcalidadApplicationTests   : No active profile set, falling back to 1 default profile: "default"
2026-05-02T11:58:52.632-04:00  INFO 14056 --- [seguridadcalidad] [main] r$InitializeUserDetailsManagerConfigurer : Global AuthenticationManager configured with UserDetailsService bean with name users
2026-05-02T11:58:52.707-04:00  INFO 14056 --- [seguridadcalidad] [main] c.d.s.SeguridadcalidadApplicationTests   : Started SeguridadcalidadApplicationTests in 0.375 seconds (process running for 7.1)
2026-05-02T12:16:53.282-04:00  INFO 33636 --- [seguridadcalidad] [main] c.d.s.InvoiceControllerTests             : Starting InvoiceControllerTests using Java 21.0.6 with PID 33636 (started by ignac in C:\Users\ignac\Desktop\DUOC\01 - RAMOS\012 - Seguridad y Calidad en el Desarrollo\s8\cdy2203-2026-201-main\cdy2203-2026-201-main)
2026-05-02T12:16:53.285-04:00  INFO 33636 --- [seguridadcalidad] [main] c.d.s.InvoiceControllerTests             : No active profile set, falling back to 1 default profile: "default"
2026-05-02T12:16:54.634-04:00  INFO 33636 --- [seguridadcalidad] [main] r$InitializeUserDetailsManagerConfigurer : Global AuthenticationManager configured with UserDetailsService bean with name users
2026-05-02T12:16:55.204-04:00  INFO 33636 --- [seguridadcalidad] [main] o.s.b.t.m.w.SpringBootMockServletContext : Initializing Spring TestDispatcherServlet ''
2026-05-02T12:16:55.205-04:00  INFO 33636 --- [seguridadcalidad] [main] o.s.t.web.servlet.TestDispatcherServlet  : Initializing Servlet ''
2026-05-02T12:16:55.206-04:00  INFO 33636 --- [seguridadcalidad] [main] o.s.t.web.servlet.TestDispatcherServlet  : Completed initialization in 1 ms
2026-05-02T12:16:55.236-04:00  INFO 33636 --- [seguridadcalidad] [main] c.d.s.InvoiceControllerTests             : Started InvoiceControllerTests in 2.522 seconds (process running for 6.877)
2026-05-02T12:16:55.556-04:00  WARN 33636 --- [seguridadcalidad] [main] c.d.s.PatientRestController              : GET /api/patients missing authentication token
2026-05-02T12:16:55.558-04:00  WARN 33636 --- [seguridadcalidad] [main] c.d.s.PatientRestController              : POST /api/patients missing authentication token
2026-05-02T12:16:55.567-04:00  INFO 33636 --- [seguridadcalidad] [main] t.c.s.AnnotationConfigContextLoaderUtils : Could not detect default configuration classes for test class [com.duoc.seguridadcalidad.SeguridadcalidadApplicationTests]: SeguridadcalidadApplicationTests does not declare any static, non-private, non-final, nested classes annotated with @Configuration.
2026-05-02T12:16:55.568-04:00  INFO 33636 --- [seguridadcalidad] [main] .b.t.c.SpringBootTestContextBootstrapper : Found @SpringBootConfiguration com.duoc.seguridadcalidad.SeguridadcalidadApplication for test class com.duoc.seguridadcalidad.SeguridadcalidadApplicationTests
2026-05-02T12:16:55.599-04:00  INFO 33636 --- [seguridadcalidad] [main] c.d.s.SeguridadcalidadApplicationTests   : Starting SeguridadcalidadApplicationTests using Java 21.0.6 with PID 33636 (started by ignac in C:\Users\ignac\Desktop\DUOC\01 - RAMOS\012 - Seguridad y Calidad en el Desarrollo\s8\cdy2203-2026-201-main\cdy2203-2026-201-main)
2026-05-02T12:16:55.600-04:00  INFO 33636 --- [seguridadcalidad] [main] c.d.s.SeguridadcalidadApplicationTests   : No active profile set, falling back to 1 default profile: "default"
2026-05-02T12:16:55.898-04:00  INFO 33636 --- [seguridadcalidad] [main] r$InitializeUserDetailsManagerConfigurer : Global AuthenticationManager configured with UserDetailsService bean with name users
2026-05-02T12:16:55.969-04:00  INFO 33636 --- [seguridadcalidad] [main] c.d.s.SeguridadcalidadApplicationTests   : Started SeguridadcalidadApplicationTests in 0.396 seconds (process running for 7.61)
2026-05-02T12:19:51.535-04:00  INFO 26064 --- [seguridadcalidad] [main] c.d.s.InvoiceControllerTests             : Starting InvoiceControllerTests using Java 21.0.6 with PID 26064 (started by ignac in C:\Users\ignac\Desktop\DUOC\01 - RAMOS\012 - Seguridad y Calidad en el Desarrollo\s8\cdy2203-2026-201-main\cdy2203-2026-201-main)
2026-05-02T12:19:51.538-04:00  INFO 26064 --- [seguridadcalidad] [main] c.d.s.InvoiceControllerTests             : No active profile set, falling back to 1 default profile: "default"
2026-05-02T12:19:52.832-04:00  INFO 26064 --- [seguridadcalidad] [main] r$InitializeUserDetailsManagerConfigurer : Global AuthenticationManager configured with UserDetailsService bean with name users
2026-05-02T12:19:53.370-04:00  INFO 26064 --- [seguridadcalidad] [main] o.s.b.t.m.w.SpringBootMockServletContext : Initializing Spring TestDispatcherServlet ''
2026-05-02T12:19:53.370-04:00  INFO 26064 --- [seguridadcalidad] [main] o.s.t.web.servlet.TestDispatcherServlet  : Initializing Servlet ''
2026-05-02T12:19:53.372-04:00  INFO 26064 --- [seguridadcalidad] [main] o.s.t.web.servlet.TestDispatcherServlet  : Completed initialization in 1 ms
2026-05-02T12:19:53.399-04:00  INFO 26064 --- [seguridadcalidad] [main] c.d.s.InvoiceControllerTests             : Started InvoiceControllerTests in 2.432 seconds (process running for 6.556)
2026-05-02T12:19:53.685-04:00  WARN 26064 --- [seguridadcalidad] [main] c.d.s.PatientRestController              : GET /api/patients missing authentication token
2026-05-02T12:19:53.687-04:00  WARN 26064 --- [seguridadcalidad] [main] c.d.s.PatientRestController              : POST /api/patients missing authentication token
2026-05-02T12:19:53.695-04:00  INFO 26064 --- [seguridadcalidad] [main] t.c.s.AnnotationConfigContextLoaderUtils : Could not detect default configuration classes for test class [com.duoc.seguridadcalidad.SeguridadcalidadApplicationTests]: SeguridadcalidadApplicationTests does not declare any static, non-private, non-final, nested classes annotated with @Configuration.
2026-05-02T12:19:53.696-04:00  INFO 26064 --- [seguridadcalidad] [main] .b.t.c.SpringBootTestContextBootstrapper : Found @SpringBootConfiguration com.duoc.seguridadcalidad.SeguridadcalidadApplication for test class com.duoc.seguridadcalidad.SeguridadcalidadApplicationTests
2026-05-02T12:19:53.727-04:00  INFO 26064 --- [seguridadcalidad] [main] c.d.s.SeguridadcalidadApplicationTests   : Starting SeguridadcalidadApplicationTests using Java 21.0.6 with PID 26064 (started by ignac in C:\Users\ignac\Desktop\DUOC\01 - RAMOS\012 - Seguridad y Calidad en el Desarrollo\s8\cdy2203-2026-201-main\cdy2203-2026-201-main)
2026-05-02T12:19:53.728-04:00  INFO 26064 --- [seguridadcalidad] [main] c.d.s.SeguridadcalidadApplicationTests   : No active profile set, falling back to 1 default profile: "default"
2026-05-02T12:19:53.995-04:00  INFO 26064 --- [seguridadcalidad] [main] r$InitializeUserDetailsManagerConfigurer : Global AuthenticationManager configured with UserDetailsService bean with name users
2026-05-02T12:19:54.078-04:00  INFO 26064 --- [seguridadcalidad] [main] c.d.s.SeguridadcalidadApplicationTests   : Started SeguridadcalidadApplicationTests in 0.377 seconds (process running for 7.235)
